#
# A fatal error has been detected by the Java Runtime Environment:
#
#  SIGBUS (0x7) at pc=0x0000155554c0b291, pid=90, tid=0x000015555551b700
#
# JRE version:  (8.0_412-b08) (build )
# Java VM: OpenJDK 64-Bit Server VM (25.412-b08 mixed mode linux-amd64 compressed oops)
# Problematic frame:
# C  [libc.so.6+0xcf291]  __memset_avx2_erms+0x11
#
# Failed to write core dump. Core dumps have been disabled. To enable core dumping, try "ulimit -c unlimited" before starting Java again
#
# If you would like to submit a bug report, please visit:
#   http://www.azul.com/support/
#

---------------  T H R E A D  ---------------

Current thread is native thread

siginfo: si_signo: 7 (SIGBUS), si_code: 2 (BUS_ADRERR), si_addr: 0x00001555553df000

Registers:
RAX=0x0000000000000000, RBX=0x000015555551ab60, RCX=0x0000000000007000, RDX=0x00001555553de000
RSP=0x000015555551aad8, RBP=0x000015555551ac20, RSI=0x0000000000000000, RDI=0x00001555553df000
R8 =0x0000000000000006, R9 =0x0000000000000000, R10=0x0000000000000001, R11=0x0000000000000000
R12=0x00001555553de000, R13=0x0000000000000006, R14=0x0000000000008000, R15=0x000015554c00a6f0
RIP=0x0000155554c0b291, EFLAGS=0x0000000000010206, CSGSFS=0x002b000000000033, ERR=0x0000000000000006
  TRAPNO=0x000000000000000e

Top of Stack: (sp=0x000015555551aad8)
0x000015555551aad8:   0000155554694649 0000000000000007
0x000015555551aae8:   000015554c009d9b 00ffffff00000003
0x000015555551aaf8:   000015554c009d80 000015555551ab30
0x000015555551ab08:   000015554c009ca0 000015554c009d50
0x000015555551ab18:   0000155500000005 0000003000000003
0x000015555551ab28:   000015555551ab60 0000000000000000
0x000015555551ab38:   0000000000000000 0000000000000000
0x000015555551ab48:   0000000000000000 0000000000000000
0x000015555551ab58:   000015554c000020 0000000000000000
0x000015555551ab68:   000000000000030c 0000000000000001
0x000015555551ab78:   000039f800008180 0000000000000201
0x000015555551ab88:   0000000000000000 0000000000000000
0x000015555551ab98:   0000000000001000 0000000000000000
0x000015555551aba8:   0000000069e76c54 000000000ccec691
0x000015555551abb8:   0000000069e76c54 000000000ccec691
0x000015555551abc8:   0000000069e76c54 000000000ccec691
0x000015555551abd8:   0000000000000000 0000000000000000
0x000015555551abe8:   0000000000000000 000015555551ac40
0x000015555551abf8:   000015555551ad20 000015555551acf0
0x000015555551ac08:   000015555551ae1f 00007fffffff8450
0x000015555551ac18:   0000000000000000 000015555551ac80
0x000015555551ac28:   000015555469337a 0000000000000000
0x000015555551ac38:   0000000000000000 0000000000000000
0x000015555551ac48:   00001555545fa70c 000015555551ad20
0x000015555551ac58:   000015555551acf0 000015555551ac70
0x000015555551ac68:   0000155553f908ed 000015555551ac80
0x000015555551ac78:   000015555551ad20 000015555551ae00
0x000015555551ac88:   00001555547bedde 0000000000000000
0x000015555551ac98:   0000000000000000 0000000000000000
0x000015555551aca8:   0000000000000000 0000000000000000
0x000015555551acb8:   0000000000000000 0000000000000000
0x000015555551acc8:   0000000000000000 0000000000000000 

Instructions: (pc=0x0000155554c0b291)
0x0000155554c0b271:   fe 7f 44 17 e0 c5 fe 7f 07 c5 f8 77 c3 66 90 f3
0x0000155554c0b281:   0f 1e fa c5 f8 77 48 89 d1 40 0f b6 c6 48 89 fa
0x0000155554c0b291:   f3 aa 48 89 d0 c3 66 0f 1f 84 00 00 00 00 00 f3
0x0000155554c0b2a1:   0f 1e fa 48 39 d1 0f 82 c3 d4 06 00 0f 1f 00 f3 

Stack: [0x000015555541c000,0x000015555551c000],  sp=0x000015555551aad8,  free space=1018k
Native frames: (J=compiled Java code, j=interpreted, Vv=VM code, C=native code)
C  [libc.so.6+0xcf291]  __memset_avx2_erms+0x11
V  [libjvm.so+0x9c537a]
V  [libjvm.so+0xaf0dde]
V  [libjvm.so+0x730d20]  JNI_CreateJavaVM+0x50
C  [libjli.so+0x80b0]


---------------  P R O C E S S  ---------------

VM state:not at safepoint (not fully initialized)

VM Mutex/Monitor currently owned by a thread: None

